npm WARN ERESOLVE overriding peer dependency
npm WARN While resolving: watchit_uix@0.0.1
npm WARN Found: react@18.2.0
npm WARN node_modules/react
npm WARN   peer react@">=16.3.0" from @emotion/core@10.3.1
npm WARN   node_modules/@emotion/core
npm WARN     peer @emotion/core@"^10.0.28" from @emotion/styled-base@10.3.0
npm WARN     node_modules/@emotion/styled-base
npm WARN     2 more (storybook-addon-material-ui, @emotion/styled)
npm WARN   78 more (@emotion/react, @emotion/styled, @emotion/styled-base, ...)
npm WARN 
npm WARN Could not resolve dependency:
npm WARN peer react@"^16.8.0 || ^17.0.0" from @material-ui/core@4.12.4
npm WARN node_modules/@material-ui/core
npm WARN   peer @material-ui/core@"^1.0.0 || ^3.0.0 || ^4.0.0" from storybook-addon-material-ui@0.9.0-alpha.24
npm WARN   node_modules/storybook-addon-material-ui
npm WARN ERESOLVE overriding peer dependency
npm WARN While resolving: watchit_uix@0.0.1
npm WARN Found: react@18.2.0
npm WARN node_modules/react
npm WARN   peer react@">=16.3.0" from @emotion/core@10.3.1
npm WARN   node_modules/@emotion/core
npm WARN     peer @emotion/core@"^10.0.28" from @emotion/styled-base@10.3.0
npm WARN     node_modules/@emotion/styled-base
npm WARN     2 more (storybook-addon-material-ui, @emotion/styled)
npm WARN   78 more (@emotion/react, @emotion/styled, @emotion/styled-base, ...)
npm WARN 
npm WARN Could not resolve dependency:
npm WARN peer react@"^16.0.0 || ^17.0.0" from storybook-addon-material-ui@0.9.0-alpha.24
npm WARN node_modules/storybook-addon-material-ui
npm WARN   dev storybook-addon-material-ui@"^0.9.0-alpha.24" from the root project
npm WARN ERESOLVE overriding peer dependency
npm WARN While resolving: watchit_uix@0.0.1
npm WARN Found: react-dom@18.2.0
npm WARN node_modules/react-dom
npm WARN   peer react-dom@"^17.0.0 || ^18.0.0" from @mui/base@5.0.0-alpha.110
npm WARN   node_modules/@mui/base
npm WARN     @mui/base@"5.0.0-alpha.110" from @mui/material@5.11.0
npm WARN     node_modules/@mui/material
npm WARN   60 more (@mui/material, @storybook/addon-actions, ...)
npm WARN 
npm WARN Could not resolve dependency:
npm WARN peer react-dom@"^16.8.0 || ^17.0.0" from @material-ui/core@4.12.4
npm WARN node_modules/@material-ui/core
npm WARN   peer @material-ui/core@"^1.0.0 || ^3.0.0 || ^4.0.0" from storybook-addon-material-ui@0.9.0-alpha.24
npm WARN   node_modules/storybook-addon-material-ui
npm WARN ERESOLVE overriding peer dependency
npm WARN While resolving: watchit_uix@0.0.1
npm WARN Found: react-dom@18.2.0
npm WARN node_modules/react-dom
npm WARN   peer react-dom@"^17.0.0 || ^18.0.0" from @mui/base@5.0.0-alpha.110
npm WARN   node_modules/@mui/base
npm WARN     @mui/base@"5.0.0-alpha.110" from @mui/material@5.11.0
npm WARN     node_modules/@mui/material
npm WARN   60 more (@mui/material, @storybook/addon-actions, ...)
npm WARN 
npm WARN Could not resolve dependency:
npm WARN peer react-dom@"^16.0.0 || ^17.0.0" from storybook-addon-material-ui@0.9.0-alpha.24
npm WARN node_modules/storybook-addon-material-ui
npm WARN   dev storybook-addon-material-ui@"^0.9.0-alpha.24" from the root project
npm ERR! code ERESOLVE
npm ERR! ERESOLVE could not resolve
npm ERR! 
npm ERR! While resolving: @material-ui/core@4.12.4
npm ERR! Found: @types/react@18.0.25
npm ERR! node_modules/@types/react
npm ERR!   peerOptional @types/react@"*" from @material-ui/types@5.1.0
npm ERR!   node_modules/@material-ui/types
npm ERR!     @material-ui/types@"5.1.0" from @material-ui/core@4.12.4
npm ERR!     node_modules/@material-ui/core
npm ERR!       peer @material-ui/core@"^1.0.0 || ^3.0.0 || ^4.0.0" from storybook-addon-material-ui@0.9.0-alpha.24
npm ERR!       node_modules/storybook-addon-material-ui
npm ERR!         dev storybook-addon-material-ui@"^0.9.0-alpha.24" from the root project
npm ERR!     @material-ui/types@"5.1.0" from @material-ui/styles@4.11.5
npm ERR!     node_modules/@material-ui/core/node_modules/@material-ui/styles
npm ERR!       @material-ui/styles@"^4.11.5" from @material-ui/core@4.12.4
npm ERR!       node_modules/@material-ui/core
npm ERR!         peer @material-ui/core@"^1.0.0 || ^3.0.0 || ^4.0.0" from storybook-addon-material-ui@0.9.0-alpha.24
npm ERR!         node_modules/storybook-addon-material-ui
npm ERR!   @types/react@">=16" from @mdx-js/react@2.1.5
npm ERR!   node_modules/@mdx-js/react
npm ERR!     @mdx-js/react@"^2.1.5" from @storybook/addon-docs@7.0.27
npm ERR!     node_modules/@storybook/addon-docs
npm ERR!       @storybook/addon-docs@"7.0.27" from @storybook/addon-essentials@7.0.27
npm ERR!       node_modules/@storybook/addon-essentials
npm ERR!         dev @storybook/addon-essentials@"^7.0.27" from the root project
npm ERR!     @mdx-js/react@"^2.1.1" from the root project
npm ERR!   10 more (@mui/base, @mui/icons-material, @mui/material, ...)
npm ERR! 
npm ERR! Could not resolve dependency:
npm ERR! peerOptional @types/react@"^16.8.6 || ^17.0.0" from @material-ui/core@4.12.4
npm ERR! node_modules/@material-ui/core
npm ERR!   peer @material-ui/core@"^1.0.0 || ^3.0.0 || ^4.0.0" from storybook-addon-material-ui@0.9.0-alpha.24
npm ERR!   node_modules/storybook-addon-material-ui
npm ERR!     dev storybook-addon-material-ui@"^0.9.0-alpha.24" from the root project
npm ERR! 
npm ERR! Conflicting peer dependency: @types/react@17.0.62
npm ERR! node_modules/@types/react
npm ERR!   peerOptional @types/react@"^16.8.6 || ^17.0.0" from @material-ui/core@4.12.4
npm ERR!   node_modules/@material-ui/core
npm ERR!     peer @material-ui/core@"^1.0.0 || ^3.0.0 || ^4.0.0" from storybook-addon-material-ui@0.9.0-alpha.24
npm ERR!     node_modules/storybook-addon-material-ui
npm ERR!       dev storybook-addon-material-ui@"^0.9.0-alpha.24" from the root project
npm ERR! 
npm ERR! Fix the upstream dependency conflict, or retry
npm ERR! this command with --force, or --legacy-peer-deps
npm ERR! to accept an incorrect (and potentially broken) dependency resolution.
npm ERR! 
npm ERR! See /Users/jadapema/.npm/eresolve-report.txt for a full report.

npm ERR! A complete log of this run can be found in:
npm ERR!     /Users/jadapema/.npm/_logs/2023-07-12T16_41_10_789Z-debug-0.log
